2024-03-09T00:26:27.631Z thumbsup:warn magick (https://imagemagick.org) is not installed. You will not be able to process HEIC images.
2024-03-09T00:26:27.631Z thumbsup:warn ffmpeg (https://www.ffmpeg.org) is not installed. You will not be able to process videos.
2024-03-09T00:26:27.631Z thumbsup:warn gifsicle (http://www.lcdf.org/gifsicle) is not installed. You will not be able to process animated GIFs.
2024-03-09T00:26:27.631Z thumbsup:warn zip (https://linux.die.net/man/1/zip) is not installed. You will not be able to create ZIP files.
2024-03-09T00:30:15.623Z thumbsup:warn magick (https://imagemagick.org) is not installed. You will not be able to process HEIC images.
2024-03-09T00:30:15.624Z thumbsup:warn ffmpeg (https://www.ffmpeg.org) is not installed. You will not be able to process videos.
2024-03-09T00:30:15.624Z thumbsup:warn gifsicle (http://www.lcdf.org/gifsicle) is not installed. You will not be able to process animated GIFs.
2024-03-09T00:30:15.624Z thumbsup:warn zip (https://linux.die.net/man/1/zip) is not installed. You will not be able to create ZIP files.
2024-03-09T00:49:50.602Z thumbsup:warn magick (https://imagemagick.org) is not installed. You will not be able to process HEIC images.
2024-03-09T00:49:50.602Z thumbsup:warn ffmpeg (https://www.ffmpeg.org) is not installed. You will not be able to process videos.
2024-03-09T00:49:50.602Z thumbsup:warn gifsicle (http://www.lcdf.org/gifsicle) is not installed. You will not be able to process animated GIFs.
2024-03-09T00:49:50.602Z thumbsup:warn zip (https://linux.die.net/man/1/zip) is not installed. You will not be able to create ZIP files.
2024-03-09T00:51:00.475Z thumbsup:warn magick (https://imagemagick.org) is not installed. You will not be able to process HEIC images.
2024-03-09T00:51:00.476Z thumbsup:warn ffmpeg (https://www.ffmpeg.org) is not installed. You will not be able to process videos.
2024-03-09T00:51:00.476Z thumbsup:warn gifsicle (http://www.lcdf.org/gifsicle) is not installed. You will not be able to process animated GIFs.
2024-03-09T00:51:00.476Z thumbsup:warn zip (https://linux.die.net/man/1/zip) is not installed. You will not be able to create ZIP files.
2024-03-09T00:51:50.838Z thumbsup:warn magick (https://imagemagick.org) is not installed. You will not be able to process HEIC images.
2024-03-09T00:51:50.838Z thumbsup:warn ffmpeg (https://www.ffmpeg.org) is not installed. You will not be able to process videos.
2024-03-09T00:51:50.838Z thumbsup:warn gifsicle (http://www.lcdf.org/gifsicle) is not installed. You will not be able to process animated GIFs.
2024-03-09T00:51:50.838Z thumbsup:warn zip (https://linux.die.net/man/1/zip) is not installed. You will not be able to create ZIP files.
2024-03-09T00:52:29.914Z thumbsup:warn magick (https://imagemagick.org) is not installed. You will not be able to process HEIC images.
2024-03-09T00:52:29.914Z thumbsup:warn ffmpeg (https://www.ffmpeg.org) is not installed. You will not be able to process videos.
2024-03-09T00:52:29.914Z thumbsup:warn gifsicle (http://www.lcdf.org/gifsicle) is not installed. You will not be able to process animated GIFs.
2024-03-09T00:52:29.914Z thumbsup:warn zip (https://linux.die.net/man/1/zip) is not installed. You will not be able to create ZIP files.
2024-03-09T00:52:50.073Z thumbsup:warn magick (https://imagemagick.org) is not installed. You will not be able to process HEIC images.
2024-03-09T00:52:50.074Z thumbsup:warn ffmpeg (https://www.ffmpeg.org) is not installed. You will not be able to process videos.
2024-03-09T00:52:50.074Z thumbsup:warn gifsicle (http://www.lcdf.org/gifsicle) is not installed. You will not be able to process animated GIFs.
2024-03-09T00:52:50.074Z thumbsup:warn zip (https://linux.die.net/man/1/zip) is not installed. You will not be able to create ZIP files.
2024-03-09T00:53:24.984Z thumbsup:warn magick (https://imagemagick.org) is not installed. You will not be able to process HEIC images.
2024-03-09T00:53:24.985Z thumbsup:warn ffmpeg (https://www.ffmpeg.org) is not installed. You will not be able to process videos.
2024-03-09T00:53:24.985Z thumbsup:warn gifsicle (http://www.lcdf.org/gifsicle) is not installed. You will not be able to process animated GIFs.
2024-03-09T00:53:24.985Z thumbsup:warn zip (https://linux.die.net/man/1/zip) is not installed. You will not be able to create ZIP files.
2024-03-09T02:11:15.041Z thumbsup:warn magick (https://imagemagick.org) is not installed. You will not be able to process HEIC images.
2024-03-09T02:11:15.041Z thumbsup:warn ffmpeg (https://www.ffmpeg.org) is not installed. You will not be able to process videos.
2024-03-09T02:11:15.041Z thumbsup:warn gifsicle (http://www.lcdf.org/gifsicle) is not installed. You will not be able to process animated GIFs.
2024-03-09T02:11:15.041Z thumbsup:warn zip (https://linux.die.net/man/1/zip) is not installed. You will not be able to create ZIP files.
2024-03-09T02:13:01.745Z thumbsup:warn magick (https://imagemagick.org) is not installed. You will not be able to process HEIC images.
2024-03-09T02:13:01.746Z thumbsup:warn ffmpeg (https://www.ffmpeg.org) is not installed. You will not be able to process videos.
2024-03-09T02:13:01.746Z thumbsup:warn gifsicle (http://www.lcdf.org/gifsicle) is not installed. You will not be able to process animated GIFs.
2024-03-09T02:13:01.746Z thumbsup:warn zip (https://linux.die.net/man/1/zip) is not installed. You will not be able to create ZIP files.
2024-03-09T15:15:33.427Z thumbsup:warn magick (https://imagemagick.org) is not installed. You will not be able to process HEIC images.
2024-03-09T15:15:33.428Z thumbsup:warn ffmpeg (https://www.ffmpeg.org) is not installed. You will not be able to process videos.
2024-03-09T15:15:33.428Z thumbsup:warn gifsicle (http://www.lcdf.org/gifsicle) is not installed. You will not be able to process animated GIFs.
2024-03-09T15:15:33.428Z thumbsup:warn zip (https://linux.die.net/man/1/zip) is not installed. You will not be able to create ZIP files.
2024-03-09T15:41:12.703Z thumbsup:warn magick (https://imagemagick.org) is not installed. You will not be able to process HEIC images.
2024-03-09T15:41:12.704Z thumbsup:warn ffmpeg (https://www.ffmpeg.org) is not installed. You will not be able to process videos.
2024-03-09T15:41:12.704Z thumbsup:warn gifsicle (http://www.lcdf.org/gifsicle) is not installed. You will not be able to process animated GIFs.
2024-03-09T15:41:12.704Z thumbsup:warn zip (https://linux.die.net/man/1/zip) is not installed. You will not be able to create ZIP files.
2024-03-09T15:41:12.797Z thumbsup:error Error: Invalid theme structure in C:\Users\ranco\GitHub\amyartist.github.io\custom_theme.css
2024-03-09T15:41:12.797Z thumbsup:error     at Theme.validateStructure (C:\Users\ranco\AppData\Roaming\nvm\v21.7.1\node_modules\thumbsup\src\website\theme.js:56:13)
2024-03-09T15:41:12.797Z thumbsup:error     at Theme.prepare (C:\Users\ranco\AppData\Roaming\nvm\v21.7.1\node_modules\thumbsup\src\website\theme.js:24:10)
2024-03-09T15:41:12.797Z thumbsup:error     at C:\Users\ranco\AppData\Roaming\nvm\v21.7.1\node_modules\thumbsup\src\website\website.js:36:19
2024-03-09T15:41:12.797Z thumbsup:error     at C:\Users\ranco\AppData\Roaming\nvm\v21.7.1\node_modules\thumbsup\node_modules\async\dist\async.js:3676:28
2024-03-09T15:41:12.797Z thumbsup:error     at replenish (C:\Users\ranco\AppData\Roaming\nvm\v21.7.1\node_modules\thumbsup\node_modules\async\dist\async.js:448:21)
2024-03-09T15:41:12.797Z thumbsup:error     at iterateeCallback (C:\Users\ranco\AppData\Roaming\nvm\v21.7.1\node_modules\thumbsup\node_modules\async\dist\async.js:432:21)
2024-03-09T15:41:12.797Z thumbsup:error     at C:\Users\ranco\AppData\Roaming\nvm\v21.7.1\node_modules\thumbsup\node_modules\async\dist\async.js:329:20
2024-03-09T15:41:12.797Z thumbsup:error     at C:\Users\ranco\AppData\Roaming\nvm\v21.7.1\node_modules\thumbsup\node_modules\async\dist\async.js:3681:17
2024-03-09T15:41:12.797Z thumbsup:error     at C:\Users\ranco\AppData\Roaming\nvm\v21.7.1\node_modules\thumbsup\node_modules\async\dist\async.js:3683:19
2024-03-09T15:41:12.797Z thumbsup:error     at wrapper (C:\Users\ranco\AppData\Roaming\nvm\v21.7.1\node_modules\thumbsup\node_modules\async\dist\async.js:273:20)
2024-03-09T15:43:30.274Z thumbsup:warn magick (https://imagemagick.org) is not installed. You will not be able to process HEIC images.
2024-03-09T15:43:30.275Z thumbsup:warn ffmpeg (https://www.ffmpeg.org) is not installed. You will not be able to process videos.
2024-03-09T15:43:30.275Z thumbsup:warn gifsicle (http://www.lcdf.org/gifsicle) is not installed. You will not be able to process animated GIFs.
2024-03-09T15:43:30.275Z thumbsup:warn zip (https://linux.die.net/man/1/zip) is not installed. You will not be able to create ZIP files.
2024-03-26T23:33:28.985Z thumbsup:warn magick (https://imagemagick.org) is not installed. You will not be able to process HEIC images.
2024-03-26T23:33:28.990Z thumbsup:warn ffmpeg (https://www.ffmpeg.org) is not installed. You will not be able to process videos.
2024-03-26T23:33:28.990Z thumbsup:warn gifsicle (http://www.lcdf.org/gifsicle) is not installed. You will not be able to process animated GIFs.
2024-03-26T23:33:28.990Z thumbsup:warn zip (https://linux.die.net/man/1/zip) is not installed. You will not be able to create ZIP files.
2024-03-26T23:35:14.940Z thumbsup:warn magick (https://imagemagick.org) is not installed. You will not be able to process HEIC images.
2024-03-26T23:35:14.941Z thumbsup:warn ffmpeg (https://www.ffmpeg.org) is not installed. You will not be able to process videos.
2024-03-26T23:35:14.941Z thumbsup:warn gifsicle (http://www.lcdf.org/gifsicle) is not installed. You will not be able to process animated GIFs.
2024-03-26T23:35:14.941Z thumbsup:warn zip (https://linux.die.net/man/1/zip) is not installed. You will not be able to create ZIP files.
2024-03-26T23:37:14.623Z thumbsup:warn magick (https://imagemagick.org) is not installed. You will not be able to process HEIC images.
2024-03-26T23:37:14.623Z thumbsup:warn ffmpeg (https://www.ffmpeg.org) is not installed. You will not be able to process videos.
2024-03-26T23:37:14.623Z thumbsup:warn gifsicle (http://www.lcdf.org/gifsicle) is not installed. You will not be able to process animated GIFs.
2024-03-26T23:37:14.623Z thumbsup:warn zip (https://linux.die.net/man/1/zip) is not installed. You will not be able to create ZIP files.
2024-03-26T23:40:25.558Z thumbsup:warn magick (https://imagemagick.org) is not installed. You will not be able to process HEIC images.
2024-03-26T23:40:25.558Z thumbsup:warn ffmpeg (https://www.ffmpeg.org) is not installed. You will not be able to process videos.
2024-03-26T23:40:25.558Z thumbsup:warn gifsicle (http://www.lcdf.org/gifsicle) is not installed. You will not be able to process animated GIFs.
2024-03-26T23:40:25.558Z thumbsup:warn zip (https://linux.die.net/man/1/zip) is not installed. You will not be able to create ZIP files.
2024-03-30T17:59:08.430Z thumbsup:warn magick (https://imagemagick.org) is not installed. You will not be able to process HEIC images.
2024-03-30T17:59:08.431Z thumbsup:warn ffmpeg (https://www.ffmpeg.org) is not installed. You will not be able to process videos.
2024-03-30T17:59:08.431Z thumbsup:warn gifsicle (http://www.lcdf.org/gifsicle) is not installed. You will not be able to process animated GIFs.
2024-03-30T17:59:08.431Z thumbsup:warn zip (https://linux.die.net/man/1/zip) is not installed. You will not be able to create ZIP files.
2024-03-30T19:06:37.364Z thumbsup:warn magick (https://imagemagick.org) is not installed. You will not be able to process HEIC images.
2024-03-30T19:06:37.365Z thumbsup:warn ffmpeg (https://www.ffmpeg.org) is not installed. You will not be able to process videos.
2024-03-30T19:06:37.365Z thumbsup:warn gifsicle (http://www.lcdf.org/gifsicle) is not installed. You will not be able to process animated GIFs.
2024-03-30T19:06:37.365Z thumbsup:warn zip (https://linux.die.net/man/1/zip) is not installed. You will not be able to create ZIP files.
2024-04-07T01:09:11.097Z thumbsup:warn ffmpeg (https://www.ffmpeg.org) is not installed. You will not be able to process videos.
2024-04-07T01:09:11.097Z thumbsup:warn gifsicle (http://www.lcdf.org/gifsicle) is not installed. You will not be able to process animated GIFs.
2024-04-07T01:09:11.097Z thumbsup:warn zip (https://linux.die.net/man/1/zip) is not installed. You will not be able to create ZIP files.
2024-05-02T13:20:22.424Z thumbsup:warn magick (https://imagemagick.org) is not installed. You will not be able to process HEIC images.
2024-05-02T13:20:22.425Z thumbsup:warn ffmpeg (https://www.ffmpeg.org) is not installed. You will not be able to process videos.
2024-05-02T13:20:22.425Z thumbsup:warn gifsicle (http://www.lcdf.org/gifsicle) is not installed. You will not be able to process animated GIFs.
2024-05-02T13:20:22.425Z thumbsup:warn zip (https://linux.die.net/man/1/zip) is not installed. You will not be able to create ZIP files.
2024-05-02T13:20:50.423Z thumbsup:warn magick (https://imagemagick.org) is not installed. You will not be able to process HEIC images.
2024-05-02T13:20:50.424Z thumbsup:warn ffmpeg (https://www.ffmpeg.org) is not installed. You will not be able to process videos.
2024-05-02T13:20:50.424Z thumbsup:warn gifsicle (http://www.lcdf.org/gifsicle) is not installed. You will not be able to process animated GIFs.
2024-05-02T13:20:50.424Z thumbsup:warn zip (https://linux.die.net/man/1/zip) is not installed. You will not be able to create ZIP files.
2024-05-02T13:26:17.785Z thumbsup:warn magick (https://imagemagick.org) is not installed. You will not be able to process HEIC images.
2024-05-02T13:26:17.786Z thumbsup:warn ffmpeg (https://www.ffmpeg.org) is not installed. You will not be able to process videos.
2024-05-02T13:26:17.786Z thumbsup:warn gifsicle (http://www.lcdf.org/gifsicle) is not installed. You will not be able to process animated GIFs.
2024-05-02T13:26:17.786Z thumbsup:warn zip (https://linux.die.net/man/1/zip) is not installed. You will not be able to create ZIP files.
2024-05-02T13:28:01.159Z thumbsup:warn magick (https://imagemagick.org) is not installed. You will not be able to process HEIC images.
2024-05-02T13:28:01.159Z thumbsup:warn ffmpeg (https://www.ffmpeg.org) is not installed. You will not be able to process videos.
2024-05-02T13:28:01.159Z thumbsup:warn gifsicle (http://www.lcdf.org/gifsicle) is not installed. You will not be able to process animated GIFs.
2024-05-02T13:28:01.159Z thumbsup:warn zip (https://linux.die.net/man/1/zip) is not installed. You will not be able to create ZIP files.
2024-05-02T13:29:13.048Z thumbsup:warn magick (https://imagemagick.org) is not installed. You will not be able to process HEIC images.
2024-05-02T13:29:13.049Z thumbsup:warn ffmpeg (https://www.ffmpeg.org) is not installed. You will not be able to process videos.
2024-05-02T13:29:13.049Z thumbsup:warn gifsicle (http://www.lcdf.org/gifsicle) is not installed. You will not be able to process animated GIFs.
2024-05-02T13:29:13.049Z thumbsup:warn zip (https://linux.die.net/man/1/zip) is not installed. You will not be able to create ZIP files.
2024-05-02T13:30:23.629Z thumbsup:warn magick (https://imagemagick.org) is not installed. You will not be able to process HEIC images.
2024-05-02T13:30:23.629Z thumbsup:warn ffmpeg (https://www.ffmpeg.org) is not installed. You will not be able to process videos.
2024-05-02T13:30:23.629Z thumbsup:warn gifsicle (http://www.lcdf.org/gifsicle) is not installed. You will not be able to process animated GIFs.
2024-05-02T13:30:23.629Z thumbsup:warn zip (https://linux.die.net/man/1/zip) is not installed. You will not be able to create ZIP files.
2024-05-02T13:30:26.837Z thumbsup:warn magick (https://imagemagick.org) is not installed. You will not be able to process HEIC images.
2024-05-02T13:30:26.837Z thumbsup:warn ffmpeg (https://www.ffmpeg.org) is not installed. You will not be able to process videos.
2024-05-02T13:30:26.837Z thumbsup:warn gifsicle (http://www.lcdf.org/gifsicle) is not installed. You will not be able to process animated GIFs.
2024-05-02T13:30:26.837Z thumbsup:warn zip (https://linux.die.net/man/1/zip) is not installed. You will not be able to create ZIP files.
2024-05-02T13:33:34.855Z thumbsup:warn magick (https://imagemagick.org) is not installed. You will not be able to process HEIC images.
2024-05-02T13:33:34.856Z thumbsup:warn ffmpeg (https://www.ffmpeg.org) is not installed. You will not be able to process videos.
2024-05-02T13:33:34.856Z thumbsup:warn gifsicle (http://www.lcdf.org/gifsicle) is not installed. You will not be able to process animated GIFs.
2024-05-02T13:33:34.856Z thumbsup:warn zip (https://linux.die.net/man/1/zip) is not installed. You will not be able to create ZIP files.
2024-05-02T13:34:58.294Z thumbsup:warn magick (https://imagemagick.org) is not installed. You will not be able to process HEIC images.
2024-05-02T13:34:58.295Z thumbsup:warn ffmpeg (https://www.ffmpeg.org) is not installed. You will not be able to process videos.
2024-05-02T13:34:58.295Z thumbsup:warn gifsicle (http://www.lcdf.org/gifsicle) is not installed. You will not be able to process animated GIFs.
2024-05-02T13:34:58.295Z thumbsup:warn zip (https://linux.die.net/man/1/zip) is not installed. You will not be able to create ZIP files.
2024-05-02T13:35:00.410Z thumbsup:warn magick (https://imagemagick.org) is not installed. You will not be able to process HEIC images.
2024-05-02T13:35:00.411Z thumbsup:warn ffmpeg (https://www.ffmpeg.org) is not installed. You will not be able to process videos.
2024-05-02T13:35:00.411Z thumbsup:warn gifsicle (http://www.lcdf.org/gifsicle) is not installed. You will not be able to process animated GIFs.
2024-05-02T13:35:00.411Z thumbsup:warn zip (https://linux.die.net/man/1/zip) is not installed. You will not be able to create ZIP files.
